<?xml version="1.0" encoding="utf-8"?><testsuites name="pytest tests"><testsuite name="pytest" errors="0" failures="1" skipped="0" tests="19" time="155.835" timestamp="2026-08-12T17:59:55.513443+00:00" hostname="agent-env-300da0bd-fbcf-494e-ac58-2da1c2a448ac"><testcase classname="tests.backend_test.TestRememberMe" name="test_remember_true_15_day_cookie" time="0.618" /><testcase classname="tests.backend_test.TestRememberMe" name="test_remember_false_short_cookie" time="0.366" /><testcase classname="tests.backend_test.TestAuth" name="test_login_success" time="0.688" /><testcase classname="tests.backend_test.TestAuth" name="test_login_wrong_pw" time="0.526" /><testcase classname="tests.backend_test.TestRememberMe" name="test_remember_default_omitted_short_cookie" time="0.451" /><testcase classname="tests.backend_test.TestAuth" name="test_me_unauthenticated" time="0.223" /><testcase classname="tests.backend_test.TestVisibility" name="test_visibility_scan" time="9.562" /><testcase classname="tests.backend_test.TestDomain" name="test_domain_analyze_post_is_async" time="0.458" /><testcase classname="tests.backend_test.TestDomain" name="test_domain_empty_400" time="0.070" /><testcase classname="tests.backend_test.TestSuperadminEntitlement" name="test_superadmin_login_grants_admin_and_full_access" time="0.549" /><testcase classname="tests.backend_test.TestSuperadminEntitlement" name="test_normal_user_has_no_full_access" time="0.401" /><testcase classname="tests.backend_test.TestDashboard" name="test_dashboard_shape" time="0.076" /><testcase classname="tests.backend_test.TestCitations" name="test_citations_with_domain" time="22.030" /><testcase classname="tests.backend_test.TestVisibility" name="test_visibility_missing_prompts_400" time="0.075" /><testcase classname="tests.backend_test.TestDomainAsyncJob" name="test_domain_async_depth_and_topic_relevance" time="94.690" /><testcase classname="tests.backend_test.TestReddit" name="test_reddit_find" time="36.330" /><testcase classname="tests.backend_test.TestOptimizer" name="test_analyze_text_and_detail" time="46.059" /><testcase classname="tests.backend_test.TestDomainAsyncJob" name="test_domain_post_returns_processing_fast" time="0.096" /><testcase classname="tests.backend_test.TestUrlAnalysis" name="test_url_analysis_js_heavy_page" time="49.621"><failure message="AssertionError: word_count too low, static-only fetch suspected: 7&#10;assert 7 &gt;= 100">tests/backend_test.py:375: in test_url_analysis_js_heavy_page
    assert d["word_count"] &gt;= 100, f"word_count too low, static-only fetch suspected: {d['word_count']}"
E   AssertionError: word_count too low, static-only fetch suspected: 7
E   assert 7 &gt;= 100</failure></testcase></testsuite></testsuites>