<?xml version="1.0" encoding="utf-8"?><testsuites name="pytest tests"><testsuite name="pytest" errors="0" failures="1" skipped="0" tests="17" time="204.724" timestamp="2026-08-12T19:33:03.893795+00:00" hostname="agent-env-300da0bd-fbcf-494e-ac58-2da1c2a448ac"><testcase classname="tests.backend_test.TestRememberMe" name="test_remember_true_15_day_cookie" time="30.101"><failure message="requests.exceptions.ConnectTimeout: HTTPSConnectionPool(host='content-scorer-29.preview.emergentagent.com', port=443): Max retries exceeded with url: /api/auth/login (Caused by ConnectTimeoutError(&lt;HTTPSConnection(host='content-scorer-29.preview.emergentagent.com', port=443) at 0xfcaf08dfe050&gt;, 'Connection to content-scorer-29.preview.emergentagent.com timed out. (connect timeout=15)'))">/root/.venv/lib/python3.11/site-packages/urllib3/connection.py:204: in _new_conn
    sock = connection.create_connection(
/root/.venv/lib/python3.11/site-packages/urllib3/util/connection.py:85: in create_connection
    raise err
/root/.venv/lib/python3.11/site-packages/urllib3/util/connection.py:73: in create_connection
    sock.connect(sa)
E   TimeoutError: timed out

The above exception was the direct cause of the following exception:
/root/.venv/lib/python3.11/site-packages/urllib3/connectionpool.py:788: in urlopen
    response = self._make_request(
/root/.venv/lib/python3.11/site-packages/urllib3/connectionpool.py:488: in _make_request
    raise new_e
/root/.venv/lib/python3.11/site-packages/urllib3/connectionpool.py:464: in _make_request
    self._validate_conn(conn)
/root/.venv/lib/python3.11/site-packages/urllib3/connectionpool.py:1106: in _validate_conn
    conn.connect()
/root/.venv/lib/python3.11/site-packages/urllib3/connection.py:759: in connect
    self.sock = sock = self._new_conn()
                       ^^^^^^^^^^^^^^^^
/root/.venv/lib/python3.11/site-packages/urllib3/connection.py:213: in _new_conn
    raise ConnectTimeoutError(
E   urllib3.exceptions.ConnectTimeoutError: (&lt;HTTPSConnection(host='content-scorer-29.preview.emergentagent.com', port=443) at 0xfcaf08dfe050&gt;, 'Connection to content-scorer-29.preview.emergentagent.com timed out. (connect timeout=15)')

The above exception was the direct cause of the following exception:
/root/.venv/lib/python3.11/site-packages/requests/adapters.py:696: in send
    resp = conn.urlopen(
/root/.venv/lib/python3.11/site-packages/urllib3/connectionpool.py:842: in urlopen
    retries = retries.increment(
/root/.venv/lib/python3.11/site-packages/urllib3/util/retry.py:543: in increment
    raise MaxRetryError(_pool, url, reason) from reason  # type: ignore[arg-type]
    ^^^^^^^^^^^^^^^^^^^^^^^^^^^^^^^^^^^^^^^^^^^^^^^^^^^
E   urllib3.exceptions.MaxRetryError: HTTPSConnectionPool(host='content-scorer-29.preview.emergentagent.com', port=443): Max retries exceeded with url: /api/auth/login (Caused by ConnectTimeoutError(&lt;HTTPSConnection(host='content-scorer-29.preview.emergentagent.com', port=443) at 0xfcaf08dfe050&gt;, 'Connection to content-scorer-29.preview.emergentagent.com timed out. (connect timeout=15)'))

During handling of the above exception, another exception occurred:
tests/backend_test.py:70: in test_remember_true_15_day_cookie
    r = s.post(f"{API}/auth/login",
/root/.venv/lib/python3.11/site-packages/requests/sessions.py:712: in post
    return self.request("POST", url, data=data, json=json, **kwargs)
           ^^^^^^^^^^^^^^^^^^^^^^^^^^^^^^^^^^^^^^^^^^^^^^^^^^^^^^^^^
/root/.venv/lib/python3.11/site-packages/requests/sessions.py:651: in request
    resp = self.send(prep, **send_kwargs)
           ^^^^^^^^^^^^^^^^^^^^^^^^^^^^^^
/root/.venv/lib/python3.11/site-packages/requests/sessions.py:784: in send
    r = adapter.send(request, **kwargs)
        ^^^^^^^^^^^^^^^^^^^^^^^^^^^^^^^
/root/.venv/lib/python3.11/site-packages/requests/adapters.py:717: in send
    raise ConnectTimeout(e, request=request)
E   requests.exceptions.ConnectTimeout: HTTPSConnectionPool(host='content-scorer-29.preview.emergentagent.com', port=443): Max retries exceeded with url: /api/auth/login (Caused by ConnectTimeoutError(&lt;HTTPSConnection(host='content-scorer-29.preview.emergentagent.com', port=443) at 0xfcaf08dfe050&gt;, 'Connection to content-scorer-29.preview.emergentagent.com timed out. (connect timeout=15)'))</failure></testcase><testcase classname="tests.backend_test.TestAuth" name="test_login_success" time="22.747" /><testcase classname="tests.backend_test.TestAuth" name="test_login_wrong_pw" time="15.534" /><testcase classname="tests.backend_test.TestRememberMe" name="test_remember_false_short_cookie" time="9.567" /><testcase classname="tests.backend_test.TestAuth" name="test_me_unauthenticated" time="0.190" /><testcase classname="tests.backend_test.TestDomain" name="test_domain_analyze_post_is_async" time="0.078" /><testcase classname="tests.backend_test.TestDomain" name="test_domain_empty_400" time="0.071" /><testcase classname="tests.backend_test.TestSuperadminEntitlement" name="test_superadmin_login_grants_admin_and_full_access" time="15.456" /><testcase classname="tests.backend_test.TestRememberMe" name="test_remember_default_omitted_short_cookie" time="0.391" /><testcase classname="tests.backend_test.TestVisibility" name="test_visibility_scan" time="20.990" /><testcase classname="tests.backend_test.TestSuperadminEntitlement" name="test_normal_user_has_no_full_access" time="0.475" /><testcase classname="tests.backend_test.TestDashboard" name="test_dashboard_shape" time="0.082" /><testcase classname="tests.backend_test.TestReddit" name="test_reddit_find" time="34.370" /><testcase classname="tests.backend_test.TestVisibility" name="test_visibility_missing_prompts_400" time="0.071" /><testcase classname="tests.backend_test.TestCitations" name="test_citations_with_domain" time="22.632" /><testcase classname="tests.backend_test.TestOptimizer" name="test_analyze_text_and_detail" time="55.994" /><testcase classname="tests.backend_test.TestUrlAnalysis" name="test_url_analysis_js_heavy_page" time="59.394" /></testsuite></testsuites>