<?xml version="1.0" encoding="utf-8"?><testsuites name="pytest tests"><testsuite name="pytest" errors="0" failures="0" skipped="0" tests="7" time="2.397" timestamp="2026-08-12T17:52:16.075023+00:00" hostname="agent-env-300da0bd-fbcf-494e-ac58-2da1c2a448ac"><testcase classname="tests.backend_test.TestSuperadminEntitlement" name="test_superadmin_login_grants_admin_and_full_access" time="0.675" /><testcase classname="tests.backend_test.TestSuperadminEntitlement" name="test_normal_user_has_no_full_access" time="0.621" /><testcase classname="tests.backend_test.TestAuth" name="test_login_success" time="0.761" /><testcase classname="tests.backend_test.TestAuth" name="test_login_wrong_pw" time="0.531" /><testcase classname="tests.backend_test.TestAuth" name="test_me_unauthenticated" time="0.129" /><testcase classname="tests.backend_test.TestDomain" name="test_domain_analyze_post_is_async" time="0.628" /><testcase classname="tests.backend_test.TestDomain" name="test_domain_empty_400" time="0.106" /></testsuite></testsuites>