<?xml version="1.0" encoding="utf-8"?><testsuites name="pytest tests"><testsuite name="pytest" errors="0" failures="0" skipped="0" tests="15" time="180.833" timestamp="2026-08-11T18:59:16.483145+00:00" hostname="agent-env-300da0bd-fbcf-494e-ac58-2da1c2a448ac"><testcase classname="tests.backend_test.TestRememberMe" name="test_remember_true_15_day_cookie" time="0.807" /><testcase classname="tests.backend_test.TestAuth" name="test_login_success" time="0.720" /><testcase classname="tests.backend_test.TestAuth" name="test_login_wrong_pw" time="0.347" /><testcase classname="tests.backend_test.TestRememberMe" name="test_remember_false_short_cookie" time="0.489" /><testcase classname="tests.backend_test.TestAuth" name="test_me_unauthenticated" time="0.221" /><testcase classname="tests.backend_test.TestDomain" name="test_domain_analyze_and_list" time="37.631" /><testcase classname="tests.backend_test.TestRememberMe" name="test_remember_default_omitted_short_cookie" time="0.399" /><testcase classname="tests.backend_test.TestVisibility" name="test_visibility_scan" time="9.364" /><testcase classname="tests.backend_test.TestVisibility" name="test_visibility_missing_prompts_400" time="0.075" /><testcase classname="tests.backend_test.TestCitations" name="test_citations_with_domain" time="25.346" /><testcase classname="tests.backend_test.TestReddit" name="test_reddit_find" time="33.707" /><testcase classname="tests.backend_test.TestDomain" name="test_domain_empty_400" time="0.077" /><testcase classname="tests.backend_test.TestDashboard" name="test_dashboard_shape" time="0.072" /><testcase classname="tests.backend_test.TestOptimizer" name="test_analyze_text_and_detail" time="51.844" /><testcase classname="tests.backend_test.TestUrlAnalysis" name="test_url_analysis_js_heavy_page" time="58.470" /></testsuite></testsuites>