<?xml version="1.0" encoding="utf-8"?><testsuites name="pytest tests"><testsuite name="pytest" errors="0" failures="0" skipped="0" tests="11" time="114.553" timestamp="2026-08-09T20:27:32.627873+00:00" hostname="agent-env-300da0bd-fbcf-494e-ac58-2da1c2a448ac"><testcase classname="tests.backend_test.TestAuth" name="test_login_success" time="0.603" /><testcase classname="tests.backend_test.TestAuth" name="test_login_wrong_pw" time="0.643" /><testcase classname="tests.backend_test.TestDomain" name="test_domain_analyze_and_list" time="17.867" /><testcase classname="tests.backend_test.TestAuth" name="test_me_unauthenticated" time="0.131" /><testcase classname="tests.backend_test.TestDashboard" name="test_dashboard_shape" time="0.048" /><testcase classname="tests.backend_test.TestCitations" name="test_citations_with_domain" time="23.939" /><testcase classname="tests.backend_test.TestDomain" name="test_domain_empty_400" time="0.051" /><testcase classname="tests.backend_test.TestVisibility" name="test_visibility_scan" time="9.175" /><testcase classname="tests.backend_test.TestReddit" name="test_reddit_find" time="34.590" /><testcase classname="tests.backend_test.TestVisibility" name="test_visibility_missing_prompts_400" time="0.051" /><testcase classname="tests.backend_test.TestOptimizer" name="test_analyze_text_and_detail" time="54.100" /></testsuite></testsuites>