<?xml version="1.0" encoding="utf-8"?><testsuites name="pytest tests"><testsuite name="pytest" errors="0" failures="0" skipped="0" tests="2" time="94.663" timestamp="2026-08-12T17:52:24.793253+00:00" hostname="agent-env-300da0bd-fbcf-494e-ac58-2da1c2a448ac"><testcase classname="tests.backend_test.TestDomainAsyncJob" name="test_domain_async_depth_and_topic_relevance" time="94.255" /><testcase classname="tests.backend_test.TestDomainAsyncJob" name="test_domain_post_returns_processing_fast" time="0.076" /></testsuite></testsuites>