<?xml version="1.0" encoding="utf-8"?><testsuites name="pytest tests"><testsuite name="pytest" errors="0" failures="0" skipped="0" tests="5" time="74.824" timestamp="2026-08-12T19:31:44.481565+00:00" hostname="agent-env-300da0bd-fbcf-494e-ac58-2da1c2a448ac"><testcase classname="tests.backend_test.TestDomainAsyncJob" name="test_domain_post_returns_processing_fast" time="0.627" /><testcase classname="tests.backend_test.TestDomainAsyncJob" name="test_domain_empty_400" time="0.120" /><testcase classname="tests.backend_test.TestDomainAsyncJob" name="test_stripe_verified_citations_and_rankings" time="24.573" /><testcase classname="tests.backend_test.TestDomainAsyncJob" name="test_citetail_strict_no_hallucination" time="24.545" /><testcase classname="tests.backend_test.TestDomainAsyncJob" name="test_notion_or_stripe_citation_sources_are_real_domains" time="24.551" /></testsuite></testsuites>