<?xml version="1.0" encoding="utf-8"?><testsuites name="pytest tests"><testsuite name="pytest" errors="0" failures="0" skipped="0" tests="9" time="106.284" timestamp="2026-08-12T17:54:16.854208+00:00" hostname="agent-env-300da0bd-fbcf-494e-ac58-2da1c2a448ac"><testcase classname="tests.backend_test.TestRememberMe" name="test_remember_true_15_day_cookie" time="0.672" /><testcase classname="tests.backend_test.TestVisibility" name="test_visibility_scan" time="9.712" /><testcase classname="tests.backend_test.TestRememberMe" name="test_remember_false_short_cookie" time="0.370" /><testcase classname="tests.backend_test.TestRememberMe" name="test_remember_default_omitted_short_cookie" time="0.363" /><testcase classname="tests.backend_test.TestCitations" name="test_citations_with_domain" time="20.080" /><testcase classname="tests.backend_test.TestVisibility" name="test_visibility_missing_prompts_400" time="0.074" /><testcase classname="tests.backend_test.TestDashboard" name="test_dashboard_shape" time="0.074" /><testcase classname="tests.backend_test.TestReddit" name="test_reddit_find" time="33.529" /><testcase classname="tests.backend_test.TestOptimizer" name="test_analyze_text_and_detail" time="50.929" /></testsuite></testsuites>